<?xml version="1.0" encoding="UTF-8"?>
<!-- Generated by org.testng.reporters.JUnitReportReporter -->
<testsuite skipped="0" hostname="Lenovo-Ray" name="com.dy.AutoTest.OperationPlatform.TestCases.MainMenuPageTest" tests="1" failures="0" timestamp="06 十二月 2018 15:09:23 GMT" time="3.646" errors="0">
  <testcase name="testQuit" time="3.646" classname="com.dy.AutoTest.OperationPlatform.TestCases.MainMenuPageTest"/>
</testsuite> <!-- com.dy.AutoTest.OperationPlatform.TestCases.MainMenuPageTest -->
