<?xml version="1.0" encoding="UTF-8"?>
<!-- Generated by org.testng.reporters.JUnitReportReporter -->
<testsuite skipped="0" hostname="Lenovo-Ray" name="com.dy.AutoTest.OperationPlatform.TestCases.UserManagement.UserInfoManagement.UserActionTest" tests="1" failures="0" timestamp="16 十一月 2018 08:11:41 GMT" time="6.056" errors="0">
  <testcase name="testUserAction" time="6.056" classname="com.dy.AutoTest.OperationPlatform.TestCases.UserManagement.UserInfoManagement.UserActionTest"/>
</testsuite> <!-- com.dy.AutoTest.OperationPlatform.TestCases.UserManagement.UserInfoManagement.UserActionTest -->
