<?xml version="1.0" encoding="UTF-8"?>
<!-- Generated by org.testng.reporters.JUnitReportReporter -->
<testsuite skipped="0" hostname="Lenovo-Ray" name="com.dy.AutoTest.AutoGenerateTest" tests="15" failures="0" timestamp="29 十一月 2018 07:01:09 GMT" time="0.071" errors="0">
  <testcase name="testAutoGenerate" time="0.001" classname="com.dy.AutoTest.AutoGenerateTest"/>
  <testcase name="testAutoGenerate" time="0.014" classname="com.dy.AutoTest.AutoGenerateTest"/>
  <testcase name="testAutoGenerate" time="0.002" classname="com.dy.AutoTest.AutoGenerateTest"/>
  <testcase name="testAutoGenerate" time="0.002" classname="com.dy.AutoTest.AutoGenerateTest"/>
  <testcase name="testAutoGenerate" time="0.003" classname="com.dy.AutoTest.AutoGenerateTest"/>
  <testcase name="testAutoGenerate" time="0.008" classname="com.dy.AutoTest.AutoGenerateTest"/>
  <testcase name="testAutoGenerate" time="0.005" classname="com.dy.AutoTest.AutoGenerateTest"/>
  <testcase name="testAutoGenerate" time="0.005" classname="com.dy.AutoTest.AutoGenerateTest"/>
  <testcase name="testAutoGenerate" time="0.002" classname="com.dy.AutoTest.AutoGenerateTest"/>
  <testcase name="testAutoGenerate" time="0.003" classname="com.dy.AutoTest.AutoGenerateTest"/>
  <testcase name="testAutoGenerate" time="0.002" classname="com.dy.AutoTest.AutoGenerateTest"/>
  <testcase name="testAutoGenerate" time="0.003" classname="com.dy.AutoTest.AutoGenerateTest"/>
  <testcase name="testAutoGenerate" time="0.005" classname="com.dy.AutoTest.AutoGenerateTest"/>
  <testcase name="testAutoGenerate" time="0.008" classname="com.dy.AutoTest.AutoGenerateTest"/>
  <testcase name="testAutoGenerate" time="0.008" classname="com.dy.AutoTest.AutoGenerateTest"/>
</testsuite> <!-- com.dy.AutoTest.AutoGenerateTest -->
