<?xml version="1.0" encoding="UTF-8"?>
<!-- Generated by org.testng.reporters.JUnitReportReporter -->
<testsuite skipped="0" hostname="Lenovo-Ray" name="com.dy.AutoTest.OperationPlatform.TestCases.UserManagement.UserInfoManagement.UserInfoQueryTest" tests="2" failures="0" timestamp="12 十一月 2018 07:38:17 GMT" time="106.357" errors="0">
  <testcase name="testUserInfoDetail" time="60.173" classname="com.dy.AutoTest.OperationPlatform.TestCases.UserManagement.UserInfoManagement.UserInfoQueryTest"/>
  <testcase name="testUserInfoQuery" time="46.184" classname="com.dy.AutoTest.OperationPlatform.TestCases.UserManagement.UserInfoManagement.UserInfoQueryTest"/>
</testsuite> <!-- com.dy.AutoTest.OperationPlatform.TestCases.UserManagement.UserInfoManagement.UserInfoQueryTest -->
