<?xml version="1.0" encoding="UTF-8"?>
<!-- Generated by org.testng.reporters.JUnitReportReporter -->
<testsuite skipped="0" hostname="Lenovo-Ray" name="com.dy.AutoTest.OnlineCashier.TestCases.OnlineCashierB2CTest" tests="1" failures="0" timestamp="29 十月 2018 09:16:25 GMT" time="17.887" errors="0">
  <testcase name="testOnlineCashierB2C" time="17.887" classname="com.dy.AutoTest.OnlineCashier.TestCases.OnlineCashierB2CTest"/>
</testsuite> <!-- com.dy.AutoTest.OnlineCashier.TestCases.OnlineCashierB2CTest -->
