<?xml version="1.0" encoding="UTF-8"?>
<!-- Generated by org.testng.reporters.JUnitReportReporter -->
<testsuite skipped="0" hostname="Lenovo-Ray" name="com.dy.AutoTest.OnlineCashier.TestCases.OnlineCashierB2BTest" tests="3" failures="0" timestamp="26 十一月 2018 14:18:34 GMT" time="63.347" errors="0">
  <testcase name="testOnlineCashierB2B" time="27.835" classname="com.dy.AutoTest.OnlineCashier.TestCases.OnlineCashierB2BTest"/>
  <testcase name="testOnlineCashierB2B" time="32.739" classname="com.dy.AutoTest.OnlineCashier.TestCases.OnlineCashierB2BTest"/>
  <testcase name="quitBrowser" time="2.773" classname="com.dy.AutoTest.OnlineCashier.TestCases.OnlineCashierB2BTest"/>
</testsuite> <!-- com.dy.AutoTest.OnlineCashier.TestCases.OnlineCashierB2BTest -->
