<?xml version="1.0" encoding="UTF-8"?>
<!-- Generated by org.testng.reporters.JUnitReportReporter -->
<testsuite skipped="0" hostname="DESKTOP-H55P5P4" name="com.dy.AutoTest.OperationPlatform.TestCases.MainMenuPageTest" tests="7" failures="0" timestamp="27 二月 2019 09:37:42 GMT" time="25.240" errors="0">
  <testcase name="testQuit" time="3.561" classname="com.dy.AutoTest.OperationPlatform.TestCases.MainMenuPageTest"/>
  <testcase name="testQuit" time="3.578" classname="com.dy.AutoTest.OperationPlatform.TestCases.MainMenuPageTest"/>
  <testcase name="testQuit" time="3.624" classname="com.dy.AutoTest.OperationPlatform.TestCases.MainMenuPageTest"/>
  <testcase name="testQuit" time="3.789" classname="com.dy.AutoTest.OperationPlatform.TestCases.MainMenuPageTest"/>
  <testcase name="testQuit" time="3.536" classname="com.dy.AutoTest.OperationPlatform.TestCases.MainMenuPageTest"/>
  <testcase name="testQuit" time="3.569" classname="com.dy.AutoTest.OperationPlatform.TestCases.MainMenuPageTest"/>
  <testcase name="testQuit" time="3.583" classname="com.dy.AutoTest.OperationPlatform.TestCases.MainMenuPageTest"/>
</testsuite> <!-- com.dy.AutoTest.OperationPlatform.TestCases.MainMenuPageTest -->
