<?xml version="1.0" encoding="UTF-8"?>
<!-- Generated by org.testng.reporters.JUnitReportReporter -->
<<<<<<< HEAD
<<<<<<< HEAD
<testsuite skipped="0" hostname="Lenovo-Ray" name="com.dy.AutoTest.OperationPlatform.TestCases.MainMenuPageTest" tests="1" failures="0" timestamp="12 十一月 2018 03:00:36 GMT" time="3.529" errors="0">
  <testcase name="testQuit" time="3.529" classname="com.dy.AutoTest.OperationPlatform.TestCases.MainMenuPageTest"/>
=======
<testsuite skipped="0" hostname="Lenovo-Ray" name="com.dy.AutoTest.OperationPlatform.TestCases.MainMenuPageTest" tests="1" failures="0" timestamp="12 十一月 2018 08:16:21 GMT" time="3.763" errors="0">
  <testcase name="testQuit" time="3.763" classname="com.dy.AutoTest.OperationPlatform.TestCases.MainMenuPageTest"/>
>>>>>>> refs/heads/UserIncomeExpenditureDetail
=======
<testsuite skipped="0" hostname="Lenovo-Ray" name="com.dy.AutoTest.OperationPlatform.TestCases.MainMenuPageTest" tests="1" failures="0" timestamp="12 十一月 2018 09:34:49 GMT" time="3.757" errors="0">
  <testcase name="testQuit" time="3.757" classname="com.dy.AutoTest.OperationPlatform.TestCases.MainMenuPageTest"/>
>>>>>>> refs/heads/UserAction
</testsuite> <!-- com.dy.AutoTest.OperationPlatform.TestCases.MainMenuPageTest -->
