<?xml version="1.0" encoding="UTF-8"?>
<!-- Generated by org.testng.reporters.JUnitReportReporter -->
<testsuite skipped="0" hostname="Lenovo-Ray" name="com.dy.AutoTest.AutoGenerateTest" tests="36" failures="0" timestamp="23 十一月 2018 08:34:48 GMT" time="0.088" errors="0">
  <testcase name="testAutoGenerate" time="0.001" classname="com.dy.AutoTest.AutoGenerateTest"/>
  <testcase name="testAutoGenerate" time="0.002" classname="com.dy.AutoTest.AutoGenerateTest"/>
  <testcase name="testAutoGenerate" time="0.002" classname="com.dy.AutoTest.AutoGenerateTest"/>
  <testcase name="testAutoGenerate" time="0.001" classname="com.dy.AutoTest.AutoGenerateTest"/>
  <testcase name="testAutoGenerate" time="0.004" classname="com.dy.AutoTest.AutoGenerateTest"/>
  <testcase name="testAutoGenerate" time="0.002" classname="com.dy.AutoTest.AutoGenerateTest"/>
  <testcase name="testAutoGenerate" time="0.003" classname="com.dy.AutoTest.AutoGenerateTest"/>
  <testcase name="testAutoGenerate" time="0.001" classname="com.dy.AutoTest.AutoGenerateTest"/>
  <testcase name="testAutoGenerate" time="0.001" classname="com.dy.AutoTest.AutoGenerateTest"/>
  <testcase name="testAutoGenerate" time="0.002" classname="com.dy.AutoTest.AutoGenerateTest"/>
  <testcase name="testAutoGenerate" time="0.002" classname="com.dy.AutoTest.AutoGenerateTest"/>
  <testcase name="testAutoGenerate" time="0.001" classname="com.dy.AutoTest.AutoGenerateTest"/>
  <testcase name="testAutoGenerate" time="0.006" classname="com.dy.AutoTest.AutoGenerateTest"/>
  <testcase name="testAutoGenerate" time="0.001" classname="com.dy.AutoTest.AutoGenerateTest"/>
  <testcase name="testAutoGenerate" time="0.003" classname="com.dy.AutoTest.AutoGenerateTest"/>
  <testcase name="testAutoGenerate" time="0.001" classname="com.dy.AutoTest.AutoGenerateTest"/>
  <testcase name="testAutoGenerate" time="0.001" classname="com.dy.AutoTest.AutoGenerateTest"/>
  <testcase name="testAutoGenerate" time="0.009" classname="com.dy.AutoTest.AutoGenerateTest"/>
  <testcase name="testAutoGenerate" time="0.001" classname="com.dy.AutoTest.AutoGenerateTest"/>
  <testcase name="testAutoGenerate" time="0.003" classname="com.dy.AutoTest.AutoGenerateTest"/>
  <testcase name="testAutoGenerate" time="0.006" classname="com.dy.AutoTest.AutoGenerateTest"/>
  <testcase name="testAutoGenerate" time="0.002" classname="com.dy.AutoTest.AutoGenerateTest"/>
  <testcase name="testAutoGenerate" time="0.001" classname="com.dy.AutoTest.AutoGenerateTest"/>
  <testcase name="testAutoGenerate" time="0.001" classname="com.dy.AutoTest.AutoGenerateTest"/>
  <testcase name="testAutoGenerate" time="0.004" classname="com.dy.AutoTest.AutoGenerateTest"/>
  <testcase name="testAutoGenerate" time="0.002" classname="com.dy.AutoTest.AutoGenerateTest"/>
  <testcase name="testAutoGenerate" time="0.001" classname="com.dy.AutoTest.AutoGenerateTest"/>
  <testcase name="testAutoGenerate" time="0.000" classname="com.dy.AutoTest.AutoGenerateTest"/>
  <testcase name="testAutoGenerate" time="0.001" classname="com.dy.AutoTest.AutoGenerateTest"/>
  <testcase name="testAutoGenerate" time="0.001" classname="com.dy.AutoTest.AutoGenerateTest"/>
  <testcase name="testAutoGenerate" time="0.001" classname="com.dy.AutoTest.AutoGenerateTest"/>
  <testcase name="testAutoGenerate" time="0.007" classname="com.dy.AutoTest.AutoGenerateTest"/>
  <testcase name="testAutoGenerate" time="0.001" classname="com.dy.AutoTest.AutoGenerateTest"/>
  <testcase name="testAutoGenerate" time="0.002" classname="com.dy.AutoTest.AutoGenerateTest"/>
  <testcase name="testAutoGenerate" time="0.003" classname="com.dy.AutoTest.AutoGenerateTest"/>
  <testcase name="testAutoGenerate" time="0.008" classname="com.dy.AutoTest.AutoGenerateTest"/>
</testsuite> <!-- com.dy.AutoTest.AutoGenerateTest -->
