<?xml version="1.0" encoding="UTF-8"?>
<!-- Generated by org.testng.reporters.JUnitReportReporter -->
<testsuite skipped="0" hostname="Lenovo-Ray" name="com.dy.AutoTest.OperationPlatform.TestCases.MerchantManagementOnLine.OnLineMechantInfo.MerchantSettlementPageTest" tests="3" failures="0" timestamp="16 十一月 2018 08:37:36 GMT" time="63.239" errors="0">
  <testcase name="testMerchantSettlementAlter" time="33.652" classname="com.dy.AutoTest.OperationPlatform.TestCases.MerchantManagementOnLine.OnLineMechantInfo.MerchantSettlementPageTest"/>
  <testcase name="testMerchantSettlementAlterVerify" time="17.145" classname="com.dy.AutoTest.OperationPlatform.TestCases.MerchantManagementOnLine.OnLineMechantInfo.MerchantSettlementPageTest"/>
  <testcase name="testMerchantSettlementDetail" time="12.442" classname="com.dy.AutoTest.OperationPlatform.TestCases.MerchantManagementOnLine.OnLineMechantInfo.MerchantSettlementPageTest"/>
</testsuite> <!-- com.dy.AutoTest.OperationPlatform.TestCases.MerchantManagementOnLine.OnLineMechantInfo.MerchantSettlementPageTest -->
