<?xml version="1.0" encoding="UTF-8"?>
<!-- Generated by org.testng.reporters.JUnitReportReporter -->
<testsuite skipped="0" hostname="Lenovo-Ray" name="com.dy.AutoTest.OperationPlatform.TestCases.UserManagement.UserInfoManagement.UserIncomeExpenditureDetailTest" tests="1" failures="0" timestamp="12 十一月 2018 08:28:02 GMT" time="22.281" errors="0">
  <testcase name="testUserIncomeExpenditureDetail" time="22.281" classname="com.dy.AutoTest.OperationPlatform.TestCases.UserManagement.UserInfoManagement.UserIncomeExpenditureDetailTest"/>
</testsuite> <!-- com.dy.AutoTest.OperationPlatform.TestCases.UserManagement.UserInfoManagement.UserIncomeExpenditureDetailTest -->
