<?xml version="1.0" encoding="UTF-8"?>
<!-- Generated by org.testng.reporters.JUnitReportReporter -->
<testsuite skipped="0" hostname="Lenovo-Ray" name="com.dy.AutoTest.OperationPlatform.TestCases.MerchantManagementOnLine.OnLineMechantInfo.MainChildMerRelationshipPageTest" tests="1" failures="0" timestamp="25 二月 2019 11:10:57 GMT" time="21.051" errors="0">
  <testcase name="testMainChildMerRelationshipUpdate" time="21.051" classname="com.dy.AutoTest.OperationPlatform.TestCases.MerchantManagementOnLine.OnLineMechantInfo.MainChildMerRelationshipPageTest"/>
</testsuite> <!-- com.dy.AutoTest.OperationPlatform.TestCases.MerchantManagementOnLine.OnLineMechantInfo.MainChildMerRelationshipPageTest -->
