<?xml version="1.0" encoding="UTF-8"?>
<!-- Generated by org.testng.reporters.JUnitReportReporter -->
<<<<<<< HEAD
<testsuite skipped="0" hostname="Lenovo-Ray" name="com.dy.AutoTest.OperationPlatform.TestCases.LoginPageTest" tests="1" failures="0" timestamp="12 十一月 2018 03:00:36 GMT" time="8.878" errors="0">
  <testcase name="testLogin" time="8.878" classname="com.dy.AutoTest.OperationPlatform.TestCases.LoginPageTest"/>
=======
<testsuite skipped="0" hostname="Lenovo-Ray" name="com.dy.AutoTest.OperationPlatform.TestCases.LoginPageTest" tests="1" failures="0" timestamp="12 十一月 2018 08:16:21 GMT" time="9.221" errors="0">
  <testcase name="testLogin" time="9.221" classname="com.dy.AutoTest.OperationPlatform.TestCases.LoginPageTest"/>
>>>>>>> refs/heads/UserIncomeExpenditureDetail
</testsuite> <!-- com.dy.AutoTest.OperationPlatform.TestCases.LoginPageTest -->
