<?xml version="1.0" encoding="UTF-8"?>
<!-- Generated by org.testng.reporters.JUnitReportReporter -->
<testsuite skipped="0" hostname="Lenovo-Ray" name="com.dy.AutoTest.web.util.AutoGenerateTest" tests="9" failures="0" timestamp="21 十一月 2018 09:35:16 GMT" time="0.018" errors="0">
  <testcase name="testAutoGenerate" time="0.001" classname="com.dy.AutoTest.web.util.AutoGenerateTest"/>
  <testcase name="testAutoGenerate" time="0.002" classname="com.dy.AutoTest.web.util.AutoGenerateTest"/>
  <testcase name="testAutoGenerate" time="0.001" classname="com.dy.AutoTest.web.util.AutoGenerateTest"/>
  <testcase name="testAutoGenerate" time="0.002" classname="com.dy.AutoTest.web.util.AutoGenerateTest"/>
  <testcase name="testAutoGenerate" time="0.001" classname="com.dy.AutoTest.web.util.AutoGenerateTest"/>
  <testcase name="testAutoGenerate" time="0.006" classname="com.dy.AutoTest.web.util.AutoGenerateTest"/>
  <testcase name="testAutoGenerate" time="0.001" classname="com.dy.AutoTest.web.util.AutoGenerateTest"/>
  <testcase name="testAutoGenerate" time="0.002" classname="com.dy.AutoTest.web.util.AutoGenerateTest"/>
  <testcase name="testAutoGenerate" time="0.002" classname="com.dy.AutoTest.web.util.AutoGenerateTest"/>
</testsuite> <!-- com.dy.AutoTest.web.util.AutoGenerateTest -->
