<?xml version="1.0" encoding="UTF-8"?>
<!-- Generated by org.testng.reporters.JUnitReportReporter -->
<testsuite skipped="0" hostname="DESKTOP-H55P5P4" name="com.dy.AutoTest.OperationPlatform.TestCases.MerchantManagementOnLine.OnLineMechantInfo.MerchantSettlementPageTest" tests="1" failures="0" timestamp="27 二月 2019 09:37:42 GMT" time="39.493" errors="0">
  <testcase name="testMerchantSettlementInsert" time="39.493" classname="com.dy.AutoTest.OperationPlatform.TestCases.MerchantManagementOnLine.OnLineMechantInfo.MerchantSettlementPageTest"/>
</testsuite> <!-- com.dy.AutoTest.OperationPlatform.TestCases.MerchantManagementOnLine.OnLineMechantInfo.MerchantSettlementPageTest -->
