<?xml version="1.0" encoding="UTF-8"?>
<!-- Generated by org.testng.reporters.JUnitReportReporter -->
<testsuite skipped="0" hostname="DESKTOP-H55P5P4" name="com.dy.AutoTest.OperationPlatform.TestCases.MerchantManagementOnLine.OnLineMechantInfo.MainChildMerRelationshipPageTest" tests="5" failures="0" timestamp="23 十一月 2018 12:48:38 GMT" time="137.915" errors="0">
  <testcase name="testMainChildMerRelationshipAdd" time="28.873" classname="com.dy.AutoTest.OperationPlatform.TestCases.MerchantManagementOnLine.OnLineMechantInfo.MainChildMerRelationshipPageTest"/>
  <testcase name="testMainChildMerRelationshipSearch" time="25.303" classname="com.dy.AutoTest.OperationPlatform.TestCases.MerchantManagementOnLine.OnLineMechantInfo.MainChildMerRelationshipPageTest"/>
  <testcase name="testMainChildMerRelationshipCheck" time="27.141" classname="com.dy.AutoTest.OperationPlatform.TestCases.MerchantManagementOnLine.OnLineMechantInfo.MainChildMerRelationshipPageTest"/>
  <testcase name="testMainChildMerRelationshipUpdate" time="30.676" classname="com.dy.AutoTest.OperationPlatform.TestCases.MerchantManagementOnLine.OnLineMechantInfo.MainChildMerRelationshipPageTest"/>
  <testcase name="testMainChildMerRelationshipDelete" time="25.922" classname="com.dy.AutoTest.OperationPlatform.TestCases.MerchantManagementOnLine.OnLineMechantInfo.MainChildMerRelationshipPageTest"/>
</testsuite> <!-- com.dy.AutoTest.OperationPlatform.TestCases.MerchantManagementOnLine.OnLineMechantInfo.MainChildMerRelationshipPageTest -->
