<?xml version="1.0" encoding="UTF-8"?>
<!-- Generated by org.testng.reporters.JUnitReportReporter -->
<testsuite skipped="0" hostname="Lenovo-Ray" name="com.dy.AutoTest.OperationPlatform.TestCases.LoginPageTest" tests="1" failures="0" timestamp="08 十月 2018 11:40:08 GMT" time="7.648" errors="0">
  <testcase name="testLogin" time="7.648" classname="com.dy.AutoTest.OperationPlatform.TestCases.LoginPageTest"/>
</testsuite> <!-- com.dy.AutoTest.OperationPlatform.TestCases.LoginPageTest -->
