<?xml version="1.0" encoding="UTF-8"?>
<!-- Generated by org.testng.reporters.JUnitReportReporter -->
<testsuite skipped="0" hostname="Lenovo-Ray" name="com.dy.AutoTest.OperationPlatform.TestCases.MerchantManagementOnLine.OnLineMechantInfo.MerchantBalanceQueryPageTest" tests="2" failures="0" timestamp="27 十一月 2018 06:25:42 GMT" time="22.118" errors="0">
  <testcase name="testMerchantBalanceQuery" time="12.940" classname="com.dy.AutoTest.OperationPlatform.TestCases.MerchantManagementOnLine.OnLineMechantInfo.MerchantBalanceQueryPageTest"/>
  <testcase name="testMerchantBalanceQuery" time="9.178" classname="com.dy.AutoTest.OperationPlatform.TestCases.MerchantManagementOnLine.OnLineMechantInfo.MerchantBalanceQueryPageTest"/>
</testsuite> <!-- com.dy.AutoTest.OperationPlatform.TestCases.MerchantManagementOnLine.OnLineMechantInfo.MerchantBalanceQueryPageTest -->
