<?xml version="1.0" encoding="UTF-8"?>
<!-- Generated by org.testng.reporters.JUnitReportReporter -->
<<<<<<< HEAD
<<<<<<< HEAD
<testsuite skipped="0" hostname="Lenovo-Ray" name="com.dy.AutoTest.OperationPlatform.TestCases.MainMenuPageTest" tests="2" failures="0" timestamp="19 十一月 2018 01:52:16 GMT" time="7.155" errors="0">
  <testcase name="testQuit" time="3.534" classname="com.dy.AutoTest.OperationPlatform.TestCases.MainMenuPageTest"/>
  <testcase name="testQuit" time="3.621" classname="com.dy.AutoTest.OperationPlatform.TestCases.MainMenuPageTest"/>
=======
<testsuite skipped="0" hostname="Lenovo-Ray" name="com.dy.AutoTest.OperationPlatform.TestCases.MainMenuPageTest" tests="1" failures="0" timestamp="19 十一月 2018 03:32:22 GMT" time="3.799" errors="0">
  <testcase name="testQuit" time="3.799" classname="com.dy.AutoTest.OperationPlatform.TestCases.MainMenuPageTest"/>
>>>>>>> refs/heads/AutoGeneratePageObject
=======
<testsuite skipped="0" hostname="Lenovo-Ray" name="com.dy.AutoTest.OperationPlatform.TestCases.MainMenuPageTest" tests="1" failures="0" timestamp="21 十一月 2018 13:12:12 GMT" time="3.512" errors="0">
  <testcase name="testQuit" time="3.512" classname="com.dy.AutoTest.OperationPlatform.TestCases.MainMenuPageTest"/>
>>>>>>> refs/heads/MerBalanceQuery
</testsuite> <!-- com.dy.AutoTest.OperationPlatform.TestCases.MainMenuPageTest -->
