<?xml version="1.0" encoding="UTF-8"?>
<!-- Generated by org.testng.reporters.JUnitReportReporter -->
<testsuite skipped="0" hostname="Lenovo-Ray" name="com.dy.AutoTest.OperationPlatform.TestCases.MerchantManagementOnLine.OnLineMechantInfo.MerchantSettlementPageTest" tests="2" failures="0" timestamp="15 十月 2018 05:45:07 GMT" time="43.675" errors="0">
  <testcase name="testMerchantSettlementInsert" time="20.730" classname="com.dy.AutoTest.OperationPlatform.TestCases.MerchantManagementOnLine.OnLineMechantInfo.MerchantSettlementPageTest"/>
  <testcase name="testMerchantSettlementInsert" time="22.945" classname="com.dy.AutoTest.OperationPlatform.TestCases.MerchantManagementOnLine.OnLineMechantInfo.MerchantSettlementPageTest"/>
</testsuite> <!-- com.dy.AutoTest.OperationPlatform.TestCases.MerchantManagementOnLine.OnLineMechantInfo.MerchantSettlementPageTest -->
