<?xml version="1.0" encoding="UTF-8"?>
<!-- Generated by org.testng.reporters.JUnitReportReporter -->
<testsuite skipped="0" hostname="Lenovo-Ray" name="com.dy.AutoTest.OnlineCashier.TestCases.OnlineCashierB2BTest" tests="2" failures="0" timestamp="02 十一月 2018 06:44:56 GMT" time="56.579" errors="0">
  <testcase name="testOnlineCashierB2B" time="32.278" classname="com.dy.AutoTest.OnlineCashier.TestCases.OnlineCashierB2BTest"/>
  <testcase name="testOnlineCashierB2B" time="24.301" classname="com.dy.AutoTest.OnlineCashier.TestCases.OnlineCashierB2BTest"/>
</testsuite> <!-- com.dy.AutoTest.OnlineCashier.TestCases.OnlineCashierB2BTest -->
