<?xml version="1.0" encoding="UTF-8"?>
<!-- Generated by org.testng.reporters.JUnitReportReporter -->
<testsuite skipped="0" hostname="Lenovo-Ray" name="com.dy.AutoTest.OperationPlatform.TestCases.MainMenuPageTest" tests="1" failures="0" timestamp="22 十一月 2018 09:01:25 GMT" time="4.307" errors="0">
  <testcase name="testQuit" time="4.307" classname="com.dy.AutoTest.OperationPlatform.TestCases.MainMenuPageTest"/>
</testsuite> <!-- com.dy.AutoTest.OperationPlatform.TestCases.MainMenuPageTest -->
