<?xml version="1.0" encoding="UTF-8"?>
<!-- Generated by org.testng.reporters.JUnitReportReporter -->
<testsuite skipped="0" hostname="Lenovo-Ray" name="com.dy.AutoTest.AutoGenerateTest" tests="21" failures="0" timestamp="01 十二月 2018 09:58:14 GMT" time="0.069" errors="0">
  <testcase name="testAutoGenerate" time="0.001" classname="com.dy.AutoTest.AutoGenerateTest"/>
  <testcase name="testAutoGenerate" time="0.002" classname="com.dy.AutoTest.AutoGenerateTest"/>
  <testcase name="testAutoGenerate" time="0.003" classname="com.dy.AutoTest.AutoGenerateTest"/>
  <testcase name="testAutoGenerate" time="0.004" classname="com.dy.AutoTest.AutoGenerateTest"/>
  <testcase name="testAutoGenerate" time="0.005" classname="com.dy.AutoTest.AutoGenerateTest"/>
  <testcase name="testAutoGenerate" time="0.006" classname="com.dy.AutoTest.AutoGenerateTest"/>
  <testcase name="testAutoGenerate" time="0.002" classname="com.dy.AutoTest.AutoGenerateTest"/>
  <testcase name="testAutoGenerate" time="0.002" classname="com.dy.AutoTest.AutoGenerateTest"/>
  <testcase name="testAutoGenerate" time="0.005" classname="com.dy.AutoTest.AutoGenerateTest"/>
  <testcase name="testAutoGenerate" time="0.001" classname="com.dy.AutoTest.AutoGenerateTest"/>
  <testcase name="testAutoGenerate" time="0.007" classname="com.dy.AutoTest.AutoGenerateTest"/>
  <testcase name="testAutoGenerate" time="0.002" classname="com.dy.AutoTest.AutoGenerateTest"/>
  <testcase name="testAutoGenerate" time="0.003" classname="com.dy.AutoTest.AutoGenerateTest"/>
  <testcase name="testAutoGenerate" time="0.003" classname="com.dy.AutoTest.AutoGenerateTest"/>
  <testcase name="testAutoGenerate" time="0.005" classname="com.dy.AutoTest.AutoGenerateTest"/>
  <testcase name="testAutoGenerate" time="0.006" classname="com.dy.AutoTest.AutoGenerateTest"/>
  <testcase name="testAutoGenerate" time="0.002" classname="com.dy.AutoTest.AutoGenerateTest"/>
  <testcase name="testAutoGenerate" time="0.002" classname="com.dy.AutoTest.AutoGenerateTest"/>
  <testcase name="testAutoGenerate" time="0.003" classname="com.dy.AutoTest.AutoGenerateTest"/>
  <testcase name="testAutoGenerate" time="0.003" classname="com.dy.AutoTest.AutoGenerateTest"/>
  <testcase name="testAutoGenerate" time="0.002" classname="com.dy.AutoTest.AutoGenerateTest"/>
</testsuite> <!-- com.dy.AutoTest.AutoGenerateTest -->
