<?xml version="1.0" encoding="UTF-8"?>
<!-- Generated by org.testng.reporters.JUnitReportReporter -->
<testsuite skipped="0" hostname="Lenovo-Ray" name="com.dy.AutoTest.OperationPlatform.TestCases.MerchantManagementOnLine.OnLineMechantInfo.MerchantAuditPageTest" tests="3" failures="0" timestamp="24 十月 2018 01:28:36 GMT" time="65.818" errors="0">
  <testcase name="testMerchantAuditPass" time="38.365" classname="com.dy.AutoTest.OperationPlatform.TestCases.MerchantManagementOnLine.OnLineMechantInfo.MerchantAuditPageTest"/>
  <testcase name="testMerchantAuditPass" time="13.462" classname="com.dy.AutoTest.OperationPlatform.TestCases.MerchantManagementOnLine.OnLineMechantInfo.MerchantAuditPageTest"/>
  <testcase name="testMerchantAuditPass" time="13.991" classname="com.dy.AutoTest.OperationPlatform.TestCases.MerchantManagementOnLine.OnLineMechantInfo.MerchantAuditPageTest"/>
</testsuite> <!-- com.dy.AutoTest.OperationPlatform.TestCases.MerchantManagementOnLine.OnLineMechantInfo.MerchantAuditPageTest -->
