<?xml version="1.0" encoding="UTF-8"?>
<!-- Generated by org.testng.reporters.JUnitReportReporter -->
<testsuite skipped="0" hostname="Lenovo-Ray" name="com.dy.AutoTest.OperationPlatform.TestCases.UserManagement.UserInfoManagement.UserAccountModifySearchTest" tests="2" failures="0" timestamp="12 十一月 2018 07:42:04 GMT" time="55.439" errors="0">
  <testcase name="testUserAccountModifySearch" time="12.887" classname="com.dy.AutoTest.OperationPlatform.TestCases.UserManagement.UserInfoManagement.UserAccountModifySearchTest"/>
  <testcase name="testUserAccountModifySearch" time="42.552" classname="com.dy.AutoTest.OperationPlatform.TestCases.UserManagement.UserInfoManagement.UserAccountModifySearchTest"/>
</testsuite> <!-- com.dy.AutoTest.OperationPlatform.TestCases.UserManagement.UserInfoManagement.UserAccountModifySearchTest -->
