<?xml version="1.0" encoding="UTF-8"?>
<!-- Generated by org.testng.reporters.JUnitReportReporter -->
<testsuite skipped="0" hostname="Lenovo-Ray" name="com.dy.AutoTest.OnlineCashier.TestCases.OnlineCashierB2BTest" tests="8" failures="0" timestamp="06 十一月 2018 02:22:58 GMT" time="357.752" errors="0">
  <testcase name="testOnlineCashierB2B" time="48.124" classname="com.dy.AutoTest.OnlineCashier.TestCases.OnlineCashierB2BTest"/>
  <testcase name="testOnlineCashierB2B" time="32.223" classname="com.dy.AutoTest.OnlineCashier.TestCases.OnlineCashierB2BTest"/>
  <testcase name="testOnlineCashierB2B" time="37.646" classname="com.dy.AutoTest.OnlineCashier.TestCases.OnlineCashierB2BTest"/>
  <testcase name="testOnlineCashierB2B" time="59.417" classname="com.dy.AutoTest.OnlineCashier.TestCases.OnlineCashierB2BTest"/>
  <testcase name="testOnlineCashierB2B" time="41.741" classname="com.dy.AutoTest.OnlineCashier.TestCases.OnlineCashierB2BTest"/>
  <testcase name="testOnlineCashierB2B" time="51.067" classname="com.dy.AutoTest.OnlineCashier.TestCases.OnlineCashierB2BTest"/>
  <testcase name="testOnlineCashierB2B" time="30.865" classname="com.dy.AutoTest.OnlineCashier.TestCases.OnlineCashierB2BTest"/>
  <testcase name="testOnlineCashierB2B" time="56.669" classname="com.dy.AutoTest.OnlineCashier.TestCases.OnlineCashierB2BTest"/>
</testsuite> <!-- com.dy.AutoTest.OnlineCashier.TestCases.OnlineCashierB2BTest -->
