<?xml version="1.0" encoding="UTF-8"?>
<!-- Generated by org.testng.reporters.JUnitReportReporter -->
<testsuite skipped="0" hostname="DESKTOP-H55P5P4" name="com.dy.AutoTest.OnlineCashier.TestCases.financechannel.FinanceChannelManageInfoPageTest" tests="4" failures="0" timestamp="23 十一月 2018 12:45:34 GMT" time="83.821" errors="0">
  <testcase name="testFinanceChannelManageInfo" time="15.486" classname="com.dy.AutoTest.OnlineCashier.TestCases.financechannel.FinanceChannelManageInfoPageTest"/>
  <testcase name="testFinanceChannelManageInfo" time="11.496" classname="com.dy.AutoTest.OnlineCashier.TestCases.financechannel.FinanceChannelManageInfoPageTest"/>
  <testcase name="testFinanceChannelManageInfo" time="25.514" classname="com.dy.AutoTest.OnlineCashier.TestCases.financechannel.FinanceChannelManageInfoPageTest"/>
  <testcase name="testFinanceChannelManageInfo" time="31.325" classname="com.dy.AutoTest.OnlineCashier.TestCases.financechannel.FinanceChannelManageInfoPageTest"/>
</testsuite> <!-- com.dy.AutoTest.OnlineCashier.TestCases.financechannel.FinanceChannelManageInfoPageTest -->
