<?xml version="1.0" encoding="UTF-8"?>
<!-- Generated by org.testng.reporters.JUnitReportReporter -->
<testsuite skipped="0" hostname="Lenovo-Ray" name="com.dy.AutoTest.OperationPlatform.TestCases.MerchantManagementOnLine.OnLineMechantInfo.MerchantAccountManagementPageTest" tests="2" failures="0" timestamp="22 十一月 2018 13:09:58 GMT" time="47.168" errors="0">
  <testcase name="testMerchantAccountManagementSearch" time="33.148" classname="com.dy.AutoTest.OperationPlatform.TestCases.MerchantManagementOnLine.OnLineMechantInfo.MerchantAccountManagementPageTest"/>
  <testcase name="testMerchantAccountManagementFrozen" time="14.020" classname="com.dy.AutoTest.OperationPlatform.TestCases.MerchantManagementOnLine.OnLineMechantInfo.MerchantAccountManagementPageTest"/>
</testsuite> <!-- com.dy.AutoTest.OperationPlatform.TestCases.MerchantManagementOnLine.OnLineMechantInfo.MerchantAccountManagementPageTest -->
