<?xml version="1.0" encoding="UTF-8"?>
<!-- Generated by org.testng.reporters.JUnitReportReporter -->
<testsuite skipped="0" hostname="Lenovo-Ray" name="com.dy.AutoTest.OperationPlatform.TestCases.MerchantManagementOnLine.OnLineMechantInfo.MerchantSettlementPageTest" tests="3" failures="0" timestamp="19 十一月 2018 01:52:16 GMT" time="63.249" errors="0">
  <testcase name="testMerchantSettlementDetail" time="12.480" classname="com.dy.AutoTest.OperationPlatform.TestCases.MerchantManagementOnLine.OnLineMechantInfo.MerchantSettlementPageTest"/>
  <testcase name="testMerchantSettlementAlterVerify" time="17.057" classname="com.dy.AutoTest.OperationPlatform.TestCases.MerchantManagementOnLine.OnLineMechantInfo.MerchantSettlementPageTest"/>
  <testcase name="testMerchantSettlementAlter" time="33.712" classname="com.dy.AutoTest.OperationPlatform.TestCases.MerchantManagementOnLine.OnLineMechantInfo.MerchantSettlementPageTest"/>
</testsuite> <!-- com.dy.AutoTest.OperationPlatform.TestCases.MerchantManagementOnLine.OnLineMechantInfo.MerchantSettlementPageTest -->
