<?xml version="1.0" encoding="UTF-8"?>
<!-- Generated by org.testng.reporters.JUnitReportReporter -->
<testsuite skipped="0" hostname="Lenovo-Ray" name="com.dy.AutoTest.OperationPlatform.TestCases.MerchantManagementOnLine.OnLineMechantInfo.OverdueMerInfoQueryPageTest" tests="2" failures="0" timestamp="22 十一月 2018 14:03:17 GMT" time="19.079" errors="0">
  <testcase name="testOverdueMerInfoQuery" time="9.562" classname="com.dy.AutoTest.OperationPlatform.TestCases.MerchantManagementOnLine.OnLineMechantInfo.OverdueMerInfoQueryPageTest"/>
  <testcase name="testOverdueMerInfoQuery" time="9.517" classname="com.dy.AutoTest.OperationPlatform.TestCases.MerchantManagementOnLine.OnLineMechantInfo.OverdueMerInfoQueryPageTest"/>
</testsuite> <!-- com.dy.AutoTest.OperationPlatform.TestCases.MerchantManagementOnLine.OnLineMechantInfo.OverdueMerInfoQueryPageTest -->
