<?xml version="1.0" encoding="UTF-8"?>
<!-- Generated by org.testng.reporters.JUnitReportReporter -->
<<<<<<< HEAD
<testsuite skipped="0" hostname="Lenovo-Ray" name="com.dy.AutoTest.OperationPlatform.TestCases.MerchantManagementOnLine.OnLineMechantInfo.MainChildMerRelationshipPageTest" tests="1" failures="0" timestamp="25 二月 2019 11:10:57 GMT" time="21.051" errors="0">
  <testcase name="testMainChildMerRelationshipUpdate" time="21.051" classname="com.dy.AutoTest.OperationPlatform.TestCases.MerchantManagementOnLine.OnLineMechantInfo.MainChildMerRelationshipPageTest"/>
=======
<testsuite skipped="0" hostname="DESKTOP-H55P5P4" name="com.dy.AutoTest.OperationPlatform.TestCases.MerchantManagementOnLine.OnLineMechantInfo.MainChildMerRelationshipPageTest" tests="12" failures="0" timestamp="26 二月 2019 06:34:16 GMT" time="241.678" errors="0">
  <testcase name="testMainChildMerRelationshipUpdate" time="20.173" classname="com.dy.AutoTest.OperationPlatform.TestCases.MerchantManagementOnLine.OnLineMechantInfo.MainChildMerRelationshipPageTest"/>
  <testcase name="testMainChildMerRelationshipUpdate" time="20.050" classname="com.dy.AutoTest.OperationPlatform.TestCases.MerchantManagementOnLine.OnLineMechantInfo.MainChildMerRelationshipPageTest"/>
  <testcase name="testMainChildMerRelationshipUpdate" time="20.125" classname="com.dy.AutoTest.OperationPlatform.TestCases.MerchantManagementOnLine.OnLineMechantInfo.MainChildMerRelationshipPageTest"/>
  <testcase name="testMainChildMerRelationshipUpdate" time="20.961" classname="com.dy.AutoTest.OperationPlatform.TestCases.MerchantManagementOnLine.OnLineMechantInfo.MainChildMerRelationshipPageTest"/>
  <testcase name="testMainChildMerRelationshipUpdate" time="19.971" classname="com.dy.AutoTest.OperationPlatform.TestCases.MerchantManagementOnLine.OnLineMechantInfo.MainChildMerRelationshipPageTest"/>
  <testcase name="testMainChildMerRelationshipUpdate" time="20.093" classname="com.dy.AutoTest.OperationPlatform.TestCases.MerchantManagementOnLine.OnLineMechantInfo.MainChildMerRelationshipPageTest"/>
  <testcase name="testMainChildMerRelationshipUpdate" time="19.855" classname="com.dy.AutoTest.OperationPlatform.TestCases.MerchantManagementOnLine.OnLineMechantInfo.MainChildMerRelationshipPageTest"/>
  <testcase name="testMainChildMerRelationshipUpdate" time="20.171" classname="com.dy.AutoTest.OperationPlatform.TestCases.MerchantManagementOnLine.OnLineMechantInfo.MainChildMerRelationshipPageTest"/>
  <testcase name="testMainChildMerRelationshipUpdate" time="20.026" classname="com.dy.AutoTest.OperationPlatform.TestCases.MerchantManagementOnLine.OnLineMechantInfo.MainChildMerRelationshipPageTest"/>
  <testcase name="testMainChildMerRelationshipUpdate" time="20.168" classname="com.dy.AutoTest.OperationPlatform.TestCases.MerchantManagementOnLine.OnLineMechantInfo.MainChildMerRelationshipPageTest"/>
  <testcase name="testMainChildMerRelationshipUpdate" time="19.987" classname="com.dy.AutoTest.OperationPlatform.TestCases.MerchantManagementOnLine.OnLineMechantInfo.MainChildMerRelationshipPageTest"/>
  <testcase name="testMainChildMerRelationshipUpdate" time="20.098" classname="com.dy.AutoTest.OperationPlatform.TestCases.MerchantManagementOnLine.OnLineMechantInfo.MainChildMerRelationshipPageTest"/>
>>>>>>> branch 'master' of https://github.com/DyAutoTest/WebAutoTest.git
</testsuite> <!-- com.dy.AutoTest.OperationPlatform.TestCases.MerchantManagementOnLine.OnLineMechantInfo.MainChildMerRelationshipPageTest -->
