<?xml version="1.0" encoding="UTF-8"?>
<!-- Generated by org.testng.reporters.JUnitReportReporter -->
<testsuite skipped="0" hostname="Lenovo-Ray" name="com.dy.AutoTest.OperationPlatform.TestCases.MerchantManagementOnLine.OnLineMechantInfo.MerchantIncomeExpenditureDetailPageTest" tests="2" failures="0" timestamp="22 十一月 2018 12:22:25 GMT" time="61.016" errors="0">
  <testcase name="testMerchantIncomeExpenditureDetailCheck" time="19.537" classname="com.dy.AutoTest.OperationPlatform.TestCases.MerchantManagementOnLine.OnLineMechantInfo.MerchantIncomeExpenditureDetailPageTest"/>
  <testcase name="testMerchantIncomeExpenditureDetailSearch" time="41.479" classname="com.dy.AutoTest.OperationPlatform.TestCases.MerchantManagementOnLine.OnLineMechantInfo.MerchantIncomeExpenditureDetailPageTest"/>
</testsuite> <!-- com.dy.AutoTest.OperationPlatform.TestCases.MerchantManagementOnLine.OnLineMechantInfo.MerchantIncomeExpenditureDetailPageTest -->
