<?xml version="1.0" encoding="UTF-8"?>
<!-- Generated by org.testng.reporters.JUnitReportReporter -->
<testsuite skipped="0" hostname="Lenovo-Ray" name="com.dy.AutoTest.OperationPlatform.TestCases.MerchantManagementOnLine.OnLineMechantInfo.MainChildMerRelationshipPageTest" tests="5" failures="0" timestamp="23 十一月 2018 09:02:43 GMT" time="141.811" errors="0">
  <testcase name="testMainChildMerRelationshipAdd" time="28.261" classname="com.dy.AutoTest.OperationPlatform.TestCases.MerchantManagementOnLine.OnLineMechantInfo.MainChildMerRelationshipPageTest"/>
  <testcase name="testMainChildMerRelationshipUpdate" time="30.036" classname="com.dy.AutoTest.OperationPlatform.TestCases.MerchantManagementOnLine.OnLineMechantInfo.MainChildMerRelationshipPageTest"/>
  <testcase name="testMainChildMerRelationshipCheck" time="26.199" classname="com.dy.AutoTest.OperationPlatform.TestCases.MerchantManagementOnLine.OnLineMechantInfo.MainChildMerRelationshipPageTest"/>
  <testcase name="testMainChildMerRelationshipSearch" time="31.968" classname="com.dy.AutoTest.OperationPlatform.TestCases.MerchantManagementOnLine.OnLineMechantInfo.MainChildMerRelationshipPageTest"/>
  <testcase name="testMainChildMerRelationshipDelete" time="25.347" classname="com.dy.AutoTest.OperationPlatform.TestCases.MerchantManagementOnLine.OnLineMechantInfo.MainChildMerRelationshipPageTest"/>
</testsuite> <!-- com.dy.AutoTest.OperationPlatform.TestCases.MerchantManagementOnLine.OnLineMechantInfo.MainChildMerRelationshipPageTest -->
