<?xml version="1.0" encoding="UTF-8"?>
<!-- Generated by org.testng.reporters.JUnitReportReporter -->
<testsuite skipped="0" hostname="Lenovo-Ray" name="com.dy.AutoTest.web.util.test.AutoGenerateTest" tests="71" failures="0" timestamp="21 十一月 2018 05:21:53 GMT" time="0.246" errors="0">
  <testcase name="testAutoGenerate" time="0.003" classname="com.dy.AutoTest.web.util.test.AutoGenerateTest"/>
  <testcase name="testAutoGenerate" time="0.005" classname="com.dy.AutoTest.web.util.test.AutoGenerateTest"/>
  <testcase name="testAutoGenerate" time="0.001" classname="com.dy.AutoTest.web.util.test.AutoGenerateTest"/>
  <testcase name="testAutoGenerate" time="0.003" classname="com.dy.AutoTest.web.util.test.AutoGenerateTest"/>
  <testcase name="testAutoGenerate" time="0.002" classname="com.dy.AutoTest.web.util.test.AutoGenerateTest"/>
  <testcase name="testAutoGenerate" time="0.001" classname="com.dy.AutoTest.web.util.test.AutoGenerateTest"/>
  <testcase name="testAutoGenerate" time="0.003" classname="com.dy.AutoTest.web.util.test.AutoGenerateTest"/>
  <testcase name="testAutoGenerate" time="0.002" classname="com.dy.AutoTest.web.util.test.AutoGenerateTest"/>
  <testcase name="testAutoGenerate" time="0.006" classname="com.dy.AutoTest.web.util.test.AutoGenerateTest"/>
  <testcase name="testAutoGenerate" time="0.005" classname="com.dy.AutoTest.web.util.test.AutoGenerateTest"/>
  <testcase name="testAutoGenerate" time="0.002" classname="com.dy.AutoTest.web.util.test.AutoGenerateTest"/>
  <testcase name="testAutoGenerate" time="0.006" classname="com.dy.AutoTest.web.util.test.AutoGenerateTest"/>
  <testcase name="testAutoGenerate" time="0.002" classname="com.dy.AutoTest.web.util.test.AutoGenerateTest"/>
  <testcase name="testAutoGenerate" time="0.002" classname="com.dy.AutoTest.web.util.test.AutoGenerateTest"/>
  <testcase name="testAutoGenerate" time="0.006" classname="com.dy.AutoTest.web.util.test.AutoGenerateTest"/>
  <testcase name="testAutoGenerate" time="0.001" classname="com.dy.AutoTest.web.util.test.AutoGenerateTest"/>
  <testcase name="testAutoGenerate" time="0.002" classname="com.dy.AutoTest.web.util.test.AutoGenerateTest"/>
  <testcase name="testAutoGenerate" time="0.010" classname="com.dy.AutoTest.web.util.test.AutoGenerateTest"/>
  <testcase name="testAutoGenerate" time="0.001" classname="com.dy.AutoTest.web.util.test.AutoGenerateTest"/>
  <testcase name="testAutoGenerate" time="0.001" classname="com.dy.AutoTest.web.util.test.AutoGenerateTest"/>
  <testcase name="testAutoGenerate" time="0.001" classname="com.dy.AutoTest.web.util.test.AutoGenerateTest"/>
  <testcase name="testAutoGenerate" time="0.001" classname="com.dy.AutoTest.web.util.test.AutoGenerateTest"/>
  <testcase name="testAutoGenerate" time="0.002" classname="com.dy.AutoTest.web.util.test.AutoGenerateTest"/>
  <testcase name="testAutoGenerate" time="0.003" classname="com.dy.AutoTest.web.util.test.AutoGenerateTest"/>
  <testcase name="testAutoGenerate" time="0.041" classname="com.dy.AutoTest.web.util.test.AutoGenerateTest"/>
  <testcase name="testAutoGenerate" time="0.006" classname="com.dy.AutoTest.web.util.test.AutoGenerateTest"/>
  <testcase name="testAutoGenerate" time="0.002" classname="com.dy.AutoTest.web.util.test.AutoGenerateTest"/>
  <testcase name="testAutoGenerate" time="0.002" classname="com.dy.AutoTest.web.util.test.AutoGenerateTest"/>
  <testcase name="testAutoGenerate" time="0.003" classname="com.dy.AutoTest.web.util.test.AutoGenerateTest"/>
  <testcase name="testAutoGenerate" time="0.004" classname="com.dy.AutoTest.web.util.test.AutoGenerateTest"/>
  <testcase name="testAutoGenerate" time="0.001" classname="com.dy.AutoTest.web.util.test.AutoGenerateTest"/>
  <testcase name="testAutoGenerate" time="0.002" classname="com.dy.AutoTest.web.util.test.AutoGenerateTest"/>
  <testcase name="testAutoGenerate" time="0.003" classname="com.dy.AutoTest.web.util.test.AutoGenerateTest"/>
  <testcase name="testAutoGenerate" time="0.002" classname="com.dy.AutoTest.web.util.test.AutoGenerateTest"/>
  <testcase name="testAutoGenerate" time="0.002" classname="com.dy.AutoTest.web.util.test.AutoGenerateTest"/>
  <testcase name="testAutoGenerate" time="0.001" classname="com.dy.AutoTest.web.util.test.AutoGenerateTest"/>
  <testcase name="testAutoGenerate" time="0.005" classname="com.dy.AutoTest.web.util.test.AutoGenerateTest"/>
  <testcase name="testAutoGenerate" time="0.004" classname="com.dy.AutoTest.web.util.test.AutoGenerateTest"/>
  <testcase name="testAutoGenerate" time="0.002" classname="com.dy.AutoTest.web.util.test.AutoGenerateTest"/>
  <testcase name="testAutoGenerate" time="0.001" classname="com.dy.AutoTest.web.util.test.AutoGenerateTest"/>
  <testcase name="testAutoGenerate" time="0.006" classname="com.dy.AutoTest.web.util.test.AutoGenerateTest"/>
  <testcase name="testAutoGenerate" time="0.001" classname="com.dy.AutoTest.web.util.test.AutoGenerateTest"/>
  <testcase name="testAutoGenerate" time="0.001" classname="com.dy.AutoTest.web.util.test.AutoGenerateTest"/>
  <testcase name="testAutoGenerate" time="0.002" classname="com.dy.AutoTest.web.util.test.AutoGenerateTest"/>
  <testcase name="testAutoGenerate" time="0.003" classname="com.dy.AutoTest.web.util.test.AutoGenerateTest"/>
  <testcase name="testAutoGenerate" time="0.001" classname="com.dy.AutoTest.web.util.test.AutoGenerateTest"/>
  <testcase name="testAutoGenerate" time="0.010" classname="com.dy.AutoTest.web.util.test.AutoGenerateTest"/>
  <testcase name="testAutoGenerate" time="0.002" classname="com.dy.AutoTest.web.util.test.AutoGenerateTest"/>
  <testcase name="testAutoGenerate" time="0.005" classname="com.dy.AutoTest.web.util.test.AutoGenerateTest"/>
  <testcase name="testAutoGenerate" time="0.001" classname="com.dy.AutoTest.web.util.test.AutoGenerateTest"/>
  <testcase name="testAutoGenerate" time="0.003" classname="com.dy.AutoTest.web.util.test.AutoGenerateTest"/>
  <testcase name="testAutoGenerate" time="0.006" classname="com.dy.AutoTest.web.util.test.AutoGenerateTest"/>
  <testcase name="testAutoGenerate" time="0.004" classname="com.dy.AutoTest.web.util.test.AutoGenerateTest"/>
  <testcase name="testAutoGenerate" time="0.001" classname="com.dy.AutoTest.web.util.test.AutoGenerateTest"/>
  <testcase name="testAutoGenerate" time="0.004" classname="com.dy.AutoTest.web.util.test.AutoGenerateTest"/>
  <testcase name="testAutoGenerate" time="0.005" classname="com.dy.AutoTest.web.util.test.AutoGenerateTest"/>
  <testcase name="testAutoGenerate" time="0.001" classname="com.dy.AutoTest.web.util.test.AutoGenerateTest"/>
  <testcase name="testAutoGenerate" time="0.001" classname="com.dy.AutoTest.web.util.test.AutoGenerateTest"/>
  <testcase name="testAutoGenerate" time="0.004" classname="com.dy.AutoTest.web.util.test.AutoGenerateTest"/>
  <testcase name="testAutoGenerate" time="0.001" classname="com.dy.AutoTest.web.util.test.AutoGenerateTest"/>
  <testcase name="testAutoGenerate" time="0.001" classname="com.dy.AutoTest.web.util.test.AutoGenerateTest"/>
  <testcase name="testAutoGenerate" time="0.002" classname="com.dy.AutoTest.web.util.test.AutoGenerateTest"/>
  <testcase name="testAutoGenerate" time="0.001" classname="com.dy.AutoTest.web.util.test.AutoGenerateTest"/>
  <testcase name="testAutoGenerate" time="0.003" classname="com.dy.AutoTest.web.util.test.AutoGenerateTest"/>
  <testcase name="testAutoGenerate" time="0.010" classname="com.dy.AutoTest.web.util.test.AutoGenerateTest"/>
  <testcase name="testAutoGenerate" time="0.001" classname="com.dy.AutoTest.web.util.test.AutoGenerateTest"/>
  <testcase name="testAutoGenerate" time="0.001" classname="com.dy.AutoTest.web.util.test.AutoGenerateTest"/>
  <testcase name="testAutoGenerate" time="0.002" classname="com.dy.AutoTest.web.util.test.AutoGenerateTest"/>
  <testcase name="testAutoGenerate" time="0.004" classname="com.dy.AutoTest.web.util.test.AutoGenerateTest"/>
  <testcase name="testAutoGenerate" time="0.003" classname="com.dy.AutoTest.web.util.test.AutoGenerateTest"/>
  <testcase name="testAutoGenerate" time="0.004" classname="com.dy.AutoTest.web.util.test.AutoGenerateTest"/>
</testsuite> <!-- com.dy.AutoTest.web.util.test.AutoGenerateTest -->
