<?xml version="1.0" encoding="UTF-8"?>
<!-- Generated by org.testng.reporters.JUnitReportReporter -->
<<<<<<< HEAD
<<<<<<< HEAD
<testsuite skipped="0" hostname="Lenovo-Ray" name="com.dy.AutoTest.OperationPlatform.TestCases.LoginPageTest" tests="2" failures="0" timestamp="19 十一月 2018 01:52:16 GMT" time="12.217" errors="0">
  <testcase name="testLogin" time="5.617" classname="com.dy.AutoTest.OperationPlatform.TestCases.LoginPageTest"/>
  <testcase name="testLogin" time="6.600" classname="com.dy.AutoTest.OperationPlatform.TestCases.LoginPageTest"/>
=======
<testsuite skipped="0" hostname="Lenovo-Ray" name="com.dy.AutoTest.OperationPlatform.TestCases.LoginPageTest" tests="1" failures="0" timestamp="19 十一月 2018 03:32:22 GMT" time="8.023" errors="0">
  <testcase name="testLogin" time="8.023" classname="com.dy.AutoTest.OperationPlatform.TestCases.LoginPageTest"/>
>>>>>>> refs/heads/AutoGeneratePageObject
=======
<testsuite skipped="0" hostname="Lenovo-Ray" name="com.dy.AutoTest.OperationPlatform.TestCases.LoginPageTest" tests="1" failures="0" timestamp="21 十一月 2018 13:12:12 GMT" time="6.848" errors="0">
  <testcase name="testLogin" time="6.848" classname="com.dy.AutoTest.OperationPlatform.TestCases.LoginPageTest"/>
>>>>>>> refs/heads/MerBalanceQuery
</testsuite> <!-- com.dy.AutoTest.OperationPlatform.TestCases.LoginPageTest -->
