<?xml version="1.0" encoding="UTF-8"?>
<!-- Generated by org.testng.reporters.JUnitReportReporter -->
<testsuite skipped="0" hostname="DESKTOP-H55P5P4" name="com.dy.AutoTest.OperationPlatform.TestCases.MainMenuPageTest" tests="1" failures="0" timestamp="23 十一月 2018 12:48:38 GMT" time="3.614" errors="0">
  <testcase name="testQuit" time="3.614" classname="com.dy.AutoTest.OperationPlatform.TestCases.MainMenuPageTest"/>
</testsuite> <!-- com.dy.AutoTest.OperationPlatform.TestCases.MainMenuPageTest -->
