<?xml version="1.0" encoding="UTF-8"?>
<!-- Generated by org.testng.reporters.JUnitReportReporter -->
<testsuite skipped="0" hostname="Lenovo-Ray" name="com.dy.AutoTest.OnlineCashier.TestCases.OnlineCashierB2CTest" tests="2" failures="0" timestamp="26 十一月 2018 13:36:51 GMT" time="23.886" errors="0">
  <testcase name="quitBrowser" time="2.783" classname="com.dy.AutoTest.OnlineCashier.TestCases.OnlineCashierB2CTest"/>
  <testcase name="testOnlineCashierB2C" time="21.103" classname="com.dy.AutoTest.OnlineCashier.TestCases.OnlineCashierB2CTest"/>
</testsuite> <!-- com.dy.AutoTest.OnlineCashier.TestCases.OnlineCashierB2CTest -->
