<?xml version="1.0" encoding="UTF-8"?>
<!-- Generated by org.testng.reporters.JUnitReportReporter -->
<testsuite skipped="0" hostname="DESKTOP-H55P5P4" name="com.dy.AutoTest.OperationPlatform.TestCases.LoginPageTest" tests="1" failures="0" timestamp="14 一月 2019 02:50:23 GMT" time="6.709" errors="0">
  <testcase name="testLogin" time="6.709" classname="com.dy.AutoTest.OperationPlatform.TestCases.LoginPageTest"/>
</testsuite> <!-- com.dy.AutoTest.OperationPlatform.TestCases.LoginPageTest -->
