<?xml version="1.0" encoding="UTF-8"?>
<!-- Generated by org.testng.reporters.JUnitReportReporter -->
<testsuite skipped="0" hostname="Lenovo-Ray" name="com.dy.AutoTest.OnlineCashier.TestCases.OnlineCashierB2CTest" tests="3" failures="0" timestamp="02 十一月 2018 06:53:40 GMT" time="90.434" errors="0">
  <testcase name="testOnlineCashierB2C" time="42.602" classname="com.dy.AutoTest.OnlineCashier.TestCases.OnlineCashierB2CTest"/>
  <testcase name="testOnlineCashierB2C" time="27.058" classname="com.dy.AutoTest.OnlineCashier.TestCases.OnlineCashierB2CTest"/>
  <testcase name="testOnlineCashierB2C" time="20.774" classname="com.dy.AutoTest.OnlineCashier.TestCases.OnlineCashierB2CTest"/>
</testsuite> <!-- com.dy.AutoTest.OnlineCashier.TestCases.OnlineCashierB2CTest -->
